<?xml version="1.0" encoding="UTF-8"?>
<testsuite xmlns:xsi="http://www.w3.org/2001/XMLSchema-instance" xsi:noNamespaceSchemaLocation="https://maven.apache.org/surefire/maven-surefire-plugin/xsd/surefire-test-report-3.0.xsd" version="3.0" name="logging_service.integration.LogIntegrationTest" time="11.557" tests="3" errors="0" skipped="0" failures="0">
  <properties>
[...]
</properties>
  <testcase name="createBatchLogs_thenQueryByService_returnsResults" classname="logging_service.integration.LogIntegrationTest" time="0.91">
    <system-out><![CDATA[Standard Commons Logging discovery in action with spring-jcl: please remove commons-logging.jar from classpath in order to avoid potential conflicts
21:24:05.026 [main] INFO org.springframework.test.context.support.AnnotationConfigContextLoaderUtils -- Could not detect default configuration classes for test class [logging_service.integration.LogIntegrationTest]: LogIntegrationTest does not declare any static, non-private, non-final, nested classes annotated with @Configuration.
21:24:05.151 [main] INFO org.springframework.boot.test.context.SpringBootTestContextBootstrapper -- Found @SpringBootConfiguration logging_service.LoggingServiceApplication for test class logging_service.integration.LogIntegrationTest

  .   ____          _            __ _ _
 /\\ / ___'_ __ _ _(_)_ __  __ _ \ \ \ \
( ( )\___ | '_ | '_| | '_ \/ _` | \ \ \ \
 \\/  ___)| |_)| | | | | || (_| |  ) ) ) )
  '  |____| .__|_| |_|_| |_\__, | / / / /
 =========|_|==============|___/=/_/_/_/
 :: Spring Boot ::                (v3.2.5)

2026-05-27T21:24:05.730+03:00  INFO 9548 --- [logging-service] [           main] l.integration.LogIntegrationTest         : Starting LogIntegrationTest using Java 17.0.12 with PID 9548 (started by ysufa in C:\Users\ysufa\Desktop\CampusConnect\logging_service)
2026-05-27T21:24:05.732+03:00  INFO 9548 --- [logging-service] [           main] l.integration.LogIntegrationTest         : The following 1 profile is active: "test"
2026-05-27T21:24:07.260+03:00  INFO 9548 --- [logging-service] [           main] .s.d.r.c.RepositoryConfigurationDelegate : Bootstrapping Spring Data JPA repositories in DEFAULT mode.
2026-05-27T21:24:07.483+03:00  INFO 9548 --- [logging-service] [           main] .s.d.r.c.RepositoryConfigurationDelegate : Finished Spring Data repository scanning in 216 ms. Found 6 JPA repository interfaces.
2026-05-27T21:24:07.810+03:00  INFO 9548 --- [logging-service] [           main] o.s.cloud.context.scope.GenericScope     : BeanFactory id=ac3161fb-bf4c-391d-82d9-9ecc1b9830f9
2026-05-27T21:24:08.276+03:00  WARN 9548 --- [logging-service] [           main] trationDelegate$BeanPostProcessorChecker : Bean 'org.springframework.cloud.client.loadbalancer.LoadBalancerAutoConfiguration$DeferringLoadBalancerInterceptorConfig' of type [org.springframework.cloud.client.loadbalancer.LoadBalancerAutoConfiguration$DeferringLoadBalancerInterceptorConfig] is not eligible for getting processed by all BeanPostProcessors (for example: not eligible for auto-proxying). The currently created BeanPostProcessor [lbRestClientPostProcessor] is declared through a non-static factory method on that class; consider declaring it as static instead.
2026-05-27T21:24:08.283+03:00  WARN 9548 --- [logging-service] [           main] trationDelegate$BeanPostProcessorChecker : Bean 'deferringLoadBalancerInterceptor' of type [org.springframework.cloud.client.loadbalancer.DeferringLoadBalancerInterceptor] is not eligible for getting processed by all BeanPostProcessors (for example: not eligible for auto-proxying). Is this bean getting eagerly injected into a currently created BeanPostProcessor [lbRestClientPostProcessor]? Check the corresponding BeanPostProcessor declaration and its dependencies.
2026-05-27T21:24:08.290+03:00  WARN 9548 --- [logging-service] [           main] trationDelegate$BeanPostProcessorChecker : Bean 'org.springframework.cloud.client.loadbalancer.reactive.LoadBalancerBeanPostProcessorAutoConfiguration' of type [org.springframework.cloud.client.loadbalancer.reactive.LoadBalancerBeanPostProcessorAutoConfiguration] is not eligible for getting processed by all BeanPostProcessors (for example: not eligible for auto-proxying). The currently created BeanPostProcessor [loadBalancerWebClientBuilderBeanPostProcessor] is declared through a non-static factory method on that class; consider declaring it as static instead.
2026-05-27T21:24:08.294+03:00  WARN 9548 --- [logging-service] [           main] trationDelegate$BeanPostProcessorChecker : Bean 'org.springframework.cloud.client.loadbalancer.reactive.LoadBalancerBeanPostProcessorAutoConfiguration$ReactorDeferringLoadBalancerFilterConfig' of type [org.springframework.cloud.client.loadbalancer.reactive.LoadBalancerBeanPostProcessorAutoConfiguration$ReactorDeferringLoadBalancerFilterConfig] is not eligible for getting processed by all BeanPostProcessors (for example: not eligible for auto-proxying). Is this bean getting eagerly injected into a currently created BeanPostProcessor [loadBalancerWebClientBuilderBeanPostProcessor]? Check the corresponding BeanPostProcessor declaration and its dependencies.
2026-05-27T21:24:08.298+03:00  WARN 9548 --- [logging-service] [           main] trationDelegate$BeanPostProcessorChecker : Bean 'reactorDeferringLoadBalancerExchangeFilterFunction' of type [org.springframework.cloud.client.loadbalancer.reactive.DeferringLoadBalancerExchangeFilterFunction] is not eligible for getting processed by all BeanPostProcessors (for example: not eligible for auto-proxying). Is this bean getting eagerly injected into a currently created BeanPostProcessor [loadBalancerWebClientBuilderBeanPostProcessor]? Check the corresponding BeanPostProcessor declaration and its dependencies.
2026-05-27T21:24:08.514+03:00  INFO 9548 --- [logging-service] [           main] o.hibernate.jpa.internal.util.LogHelper  : HHH000204: Processing PersistenceUnitInfo [name: default]
2026-05-27T21:24:08.585+03:00  INFO 9548 --- [logging-service] [           main] org.hibernate.Version                    : HHH000412: Hibernate ORM core version 6.4.4.Final
2026-05-27T21:24:08.623+03:00  INFO 9548 --- [logging-service] [           main] o.h.c.internal.RegionFactoryInitiator    : HHH000026: Second-level cache disabled
2026-05-27T21:24:08.937+03:00  INFO 9548 --- [logging-service] [           main] o.s.o.j.p.SpringPersistenceUnitInfo      : No LoadTimeWeaver setup: ignoring JPA class transformer
2026-05-27T21:24:08.972+03:00  INFO 9548 --- [logging-service] [           main] com.zaxxer.hikari.HikariDataSource       : HikariPool-1 - Starting...
2026-05-27T21:24:09.208+03:00  INFO 9548 --- [logging-service] [           main] com.zaxxer.hikari.pool.HikariPool        : HikariPool-1 - Added connection conn0: url=jdbc:h2:mem:logging_test user=SA
2026-05-27T21:24:09.210+03:00  INFO 9548 --- [logging-service] [           main] com.zaxxer.hikari.HikariDataSource       : HikariPool-1 - Start completed.
2026-05-27T21:24:09.239+03:00  WARN 9548 --- [logging-service] [           main] org.hibernate.orm.deprecation            : HHH90000025: H2Dialect does not need to be specified explicitly using 'hibernate.dialect' (remove the property setting and it will be selected by default)
2026-05-27T21:24:10.341+03:00  INFO 9548 --- [logging-service] [           main] o.h.e.t.j.p.i.JtaPlatformInitiator       : HHH000489: No JTA platform available (set 'hibernate.transaction.jta.platform' to enable JTA platform integration)
2026-05-27T21:24:10.401+03:00  INFO 9548 --- [logging-service] [           main] j.LocalContainerEntityManagerFactoryBean : Initialized JPA EntityManagerFactory for persistence unit 'default'
2026-05-27T21:24:10.885+03:00  INFO 9548 --- [logging-service] [           main] o.s.d.j.r.query.QueryEnhancerFactory     : Hibernate is in classpath; If applicable, HQL parser will be used.
2026-05-27T21:24:12.355+03:00  WARN 9548 --- [logging-service] [           main] JpaBaseConfiguration$JpaWebConfiguration : spring.jpa.open-in-view is enabled by default. Therefore, database queries may be performed during view rendering. Explicitly configure spring.jpa.open-in-view to disable this warning
2026-05-27T21:24:13.121+03:00  INFO 9548 --- [logging-service] [           main] o.s.b.a.e.web.EndpointLinksResolver      : Exposing 3 endpoint(s) beneath base path '/actuator'
2026-05-27T21:24:14.666+03:00  INFO 9548 --- [logging-service] [           main] o.s.b.t.m.w.SpringBootMockServletContext : Initializing Spring TestDispatcherServlet ''
2026-05-27T21:24:14.667+03:00  INFO 9548 --- [logging-service] [           main] o.s.t.web.servlet.TestDispatcherServlet  : Initializing Servlet ''
2026-05-27T21:24:14.669+03:00  INFO 9548 --- [logging-service] [           main] o.s.t.web.servlet.TestDispatcherServlet  : Completed initialization in 2 ms
2026-05-27T21:24:14.927+03:00  WARN 9548 --- [logging-service] [           main] iguration$LoadBalancerCaffeineWarnLogger : Spring Cloud LoadBalancer is currently working with the default cache. While this cache implementation is useful for development and tests, it's recommended to use Caffeine cache in production.You can switch to using Caffeine cache, by adding it and org.springframework.cache.caffeine.CaffeineCacheManager to the classpath.
2026-05-27T21:24:15.024+03:00  INFO 9548 --- [logging-service] [           main] l.integration.LogIntegrationTest         : Started LogIntegrationTest in 9.716 seconds (process running for 10.846)
2026-05-27T21:24:15.081+03:00  INFO 9548 --- [logging-service] [           main] logging_service.config.DataInitializer   : DataInitializer: seed is disabled (app.seed.enabled=false). Skipping.
2026-05-27T21:24:15.341+03:00  INFO 9548 --- [logging-service] [           main] logging_service.config.DataInitializer   : Default retention policies initialized.
2026-05-27T21:24:15.342+03:00  WARN 9548 --- [logging-service] [           main] o.s.core.events.SpringDocAppInitializer  : SpringDoc /v3/api-docs endpoint is enabled by default. To disable it in production, set the property 'springdoc.api-docs.enabled=false'
]]></system-out>
  </testcase>
  <testcase name="createLog_thenGetById_returnsPersistedLog" classname="logging_service.integration.LogIntegrationTest" time="0.094"/>
  <testcase name="errorLogsEndpoint_returnsErrorLevelEntries" classname="logging_service.integration.LogIntegrationTest" time="0.017"/>
</testsuite>